Release 14.7 - xst P.20131013 (nt64)
Copyright (c) 1995-2013 Xilinx, Inc.  All rights reserved.
--> Parameter TMPDIR set to xst/projnav.tmp


Total REAL time to Xst completion: 1.00 secs
Total CPU time to Xst completion: 0.13 secs
 
--> Parameter xsthdpdir set to xst


Total REAL time to Xst completion: 1.00 secs
Total CPU time to Xst completion: 0.13 secs
 
--> Reading design: Layer_Neuron.prj

TABLE OF CONTENTS
  1) Synthesis Options Summary
  2) HDL Parsing
  3) HDL Elaboration
  4) HDL Synthesis
       4.1) HDL Synthesis Report
  5) Advanced HDL Synthesis
       5.1) Advanced HDL Synthesis Report
  6) Low Level Synthesis
  7) Partition Report
  8) Design Summary
       8.1) Primitive and Black Box Usage
       8.2) Device utilization summary
       8.3) Partition Resource Summary
       8.4) Timing Report
            8.4.1) Clock Information
            8.4.2) Asynchronous Control Signals Information
            8.4.3) Timing Summary
            8.4.4) Timing Details
            8.4.5) Cross Clock Domains Report


=========================================================================
*                      Synthesis Options Summary                        *
=========================================================================
---- Source Parameters
Input File Name                    : "Layer_Neuron.prj"
Ignore Synthesis Constraint File   : NO

---- Target Parameters
Output File Name                   : "Layer_Neuron"
Output Format                      : NGC
Target Device                      : xc6slx9-2-tqg144

---- Source Options
Top Module Name                    : Layer_Neuron
Automatic FSM Extraction           : YES
FSM Encoding Algorithm             : Auto
Safe Implementation                : No
FSM Style                          : LUT
RAM Extraction                     : Yes
RAM Style                          : Auto
ROM Extraction                     : Yes
Shift Register Extraction          : YES
ROM Style                          : Auto
Resource Sharing                   : YES
Asynchronous To Synchronous        : NO
Shift Register Minimum Size        : 2
Use DSP Block                      : Auto
Automatic Register Balancing       : No

---- Target Options
LUT Combining                      : Auto
Reduce Control Sets                : Auto
Add IO Buffers                     : YES
Global Maximum Fanout              : 100000
Add Generic Clock Buffer(BUFG)     : 16
Register Duplication               : YES
Optimize Instantiated Primitives   : NO
Use Clock Enable                   : Auto
Use Synchronous Set                : Auto
Use Synchronous Reset              : Auto
Pack IO Registers into IOBs        : Auto
Equivalent register Removal        : YES

---- General Options
Optimization Goal                  : Speed
Optimization Effort                : 1
Power Reduction                    : NO
Keep Hierarchy                     : No
Netlist Hierarchy                  : As_Optimized
RTL Output                         : Yes
Global Optimization                : AllClockNets
Read Cores                         : YES
Write Timing Constraints           : NO
Cross Clock Analysis               : NO
Hierarchy Separator                : /
Bus Delimiter                      : <>
Case Specifier                     : Maintain
Slice Utilization Ratio            : 100
BRAM Utilization Ratio             : 100
DSP48 Utilization Ratio            : 100
Auto BRAM Packing                  : NO
Slice Utilization Ratio Delta      : 5

=========================================================================


=========================================================================
*                          HDL Parsing                                  *
=========================================================================
Parsing VHDL file "C:\Users\User\Documents\ISE_Project\MLP\Counter.vhd" into library work
Parsing entity <Counter>.
Parsing architecture <Behavioral> of entity <counter>.
Parsing VHDL file "C:\Users\User\Documents\ISE_Project\MLP\Comparator.vhd" into library work
Parsing entity <Comparator>.
Parsing architecture <Behavioral> of entity <comparator>.
Parsing VHDL file "C:\Users\User\Documents\ISE_Project\MLP\Register_src.vhd" into library work
Parsing entity <Register_src>.
Parsing architecture <Behavioral> of entity <register_src>.
Parsing VHDL file "C:\Users\User\Documents\ISE_Project\MLP\Register_File.vhd" into library work
Parsing entity <Register_File>.
Parsing architecture <Behavioral> of entity <register_file>.
Parsing VHDL file "C:\Users\User\Documents\ISE_Project\MLP\MUX.vhd" into library work
Parsing entity <MUX>.
Parsing architecture <Behavioral> of entity <mux>.
Parsing VHDL file "C:\Users\User\Documents\ISE_Project\MLP\Multiplier.vhd" into library work
Parsing entity <Multiplier>.
Parsing architecture <Behavioral> of entity <multiplier>.
Parsing VHDL file "C:\Users\User\Documents\ISE_Project\MLP\Address_Counter.vhd" into library work
Parsing entity <Address_Counter>.
Parsing architecture <Behavioral> of entity <address_counter>.
Parsing VHDL file "C:\Users\User\Documents\ISE_Project\MLP\Adder.vhd" into library work
Parsing entity <Adder>.
Parsing architecture <Behavioral> of entity <adder>.
Parsing VHDL file "C:\Users\User\Documents\ISE_Project\MLP\Accumulator.vhd" into library work
Parsing entity <Accumulator>.
Parsing architecture <Behavioral> of entity <accumulator>.
Parsing VHDL file "C:\Users\User\Documents\ISE_Project\MLP\First_Layer_Neuron.vhd" into library work
Parsing entity <Layer_Neuron>.
Parsing architecture <Behavioral> of entity <layer_neuron>.

=========================================================================
*                            HDL Elaboration                            *
=========================================================================

Elaborating entity <Layer_Neuron> (architecture <Behavioral>) with generics from library <work>.
WARNING:HDLCompiler:871 - "C:\Users\User\Documents\ISE_Project\MLP\First_Layer_Neuron.vhd" Line 70: Using initial value "00000000" for zeroreg since it is never assigned

Elaborating entity <Register_File> (architecture <Behavioral>) with generics from library <work>.

Elaborating entity <Address_Counter> (architecture <Behavioral>) with generics from library <work>.

Elaborating entity <Comparator> (architecture <Behavioral>) with generics from library <work>.

Elaborating entity <Counter> (architecture <Behavioral>) with generics from library <work>.

Elaborating entity <Register_src> (architecture <Behavioral>) with generics from library <work>.

Elaborating entity <Multiplier> (architecture <Behavioral>) with generics from library <work>.

Elaborating entity <Adder> (architecture <Behavioral>) with generics from library <work>.

Elaborating entity <Accumulator> (architecture <Behavioral>) with generics from library <work>.

Elaborating entity <MUX> (architecture <Behavioral>) with generics from library <work>.

=========================================================================
*                           HDL Synthesis                               *
=========================================================================

Synthesizing Unit <Layer_Neuron>.
    Related source file is "C:\Users\User\Documents\ISE_Project\MLP\First_Layer_Neuron.vhd".
        Counter_Width = 4
        Comp_Value = 4
    Summary:
	no macro.
Unit <Layer_Neuron> synthesized.

Synthesizing Unit <Register_File>.
    Related source file is "C:\Users\User\Documents\ISE_Project\MLP\Register_File.vhd".
        File_Width = 8
        Address_Size = 4
    Found 8-bit register for signal <MyFile<1>>.
    Found 8-bit register for signal <MyFile<2>>.
    Found 8-bit register for signal <MyFile<3>>.
    Found 8-bit register for signal <MyFile<4>>.
    Found 8-bit register for signal <MyFile<5>>.
    Found 8-bit register for signal <MyFile<6>>.
    Found 8-bit register for signal <MyFile<7>>.
    Found 8-bit register for signal <MyFile<8>>.
    Found 8-bit register for signal <MyFile<9>>.
    Found 8-bit register for signal <MyFile<0>>.
    Found 8-bit 10-to-1 multiplexer for signal <AddRead[3]_X_5_o_wide_mux_0_OUT> created at line 42.
    Found 1-bit tristate buffer for signal <OUTPUT<7>> created at line 42
    Found 1-bit tristate buffer for signal <OUTPUT<6>> created at line 42
    Found 1-bit tristate buffer for signal <OUTPUT<5>> created at line 42
    Found 1-bit tristate buffer for signal <OUTPUT<4>> created at line 42
    Found 1-bit tristate buffer for signal <OUTPUT<3>> created at line 42
    Found 1-bit tristate buffer for signal <OUTPUT<2>> created at line 42
    Found 1-bit tristate buffer for signal <OUTPUT<1>> created at line 42
    Found 1-bit tristate buffer for signal <OUTPUT<0>> created at line 42
    Summary:
	inferred  80 D-type flip-flop(s).
	inferred   1 Multiplexer(s).
	inferred   8 Tristate(s).
Unit <Register_File> synthesized.

Synthesizing Unit <Address_Counter>.
    Related source file is "C:\Users\User\Documents\ISE_Project\MLP\Address_Counter.vhd".
        Address_Width = 4
        Comp_Value = 4
WARNING:Xst:653 - Signal <OUTPUT> is used but never assigned. This sourceless signal will be automatically connected to value GND.
    Summary:
	no macro.
Unit <Address_Counter> synthesized.

Synthesizing Unit <Comparator>.
    Related source file is "C:\Users\User\Documents\ISE_Project\MLP\Comparator.vhd".
        Comp_Width = 4
    Summary:
	no macro.
Unit <Comparator> synthesized.

Synthesizing Unit <Counter>.
    Related source file is "C:\Users\User\Documents\ISE_Project\MLP\Counter.vhd".
        Address_Width = 4
    Found 4-bit register for signal <Counter>.
    Found 4-bit adder for signal <Counter[3]_GND_19_o_add_1_OUT> created at line 1241.
    Summary:
	inferred   1 Adder/Subtractor(s).
	inferred   4 D-type flip-flop(s).
Unit <Counter> synthesized.

Synthesizing Unit <Register_src>.
    Related source file is "C:\Users\User\Documents\ISE_Project\MLP\Register_src.vhd".
        SRC_Width = 8
    Found 8-bit register for signal <OUTPUT_Inst>.
    Summary:
	inferred   8 D-type flip-flop(s).
	inferred   1 Multiplexer(s).
Unit <Register_src> synthesized.

Synthesizing Unit <Multiplier>.
    Related source file is "C:\Users\User\Documents\ISE_Project\MLP\Multiplier.vhd".
        Mul_Size_IN = 8
        Mul_Size_OUT = 8
    Found 8x8-bit multiplier for signal <MUL_Res> created at line 28.
    Summary:
	inferred   1 Multiplier(s).
Unit <Multiplier> synthesized.

Synthesizing Unit <Adder>.
    Related source file is "C:\Users\User\Documents\ISE_Project\MLP\Adder.vhd".
        ADD_Size_IN = 8
        ADD_Size_OUT = 8
    Found 8-bit adder for signal <OUTPUT> created at line 26.
    Summary:
	inferred   1 Adder/Subtractor(s).
Unit <Adder> synthesized.

Synthesizing Unit <Accumulator>.
    Related source file is "C:\Users\User\Documents\ISE_Project\MLP\Accumulator.vhd".
        ACC_Width = 8
    Found 8-bit register for signal <ACC_Reg>.
    Summary:
	inferred   8 D-type flip-flop(s).
	inferred   1 Multiplexer(s).
Unit <Accumulator> synthesized.

Synthesizing Unit <MUX>.
    Related source file is "C:\Users\User\Documents\ISE_Project\MLP\MUX.vhd".
        MUX_Width = 8
    Summary:
	inferred   1 Multiplexer(s).
Unit <MUX> synthesized.

=========================================================================
HDL Synthesis Report

Macro Statistics
# Multipliers                                          : 1
 8x8-bit multiplier                                    : 1
# Adders/Subtractors                                   : 2
 4-bit adder                                           : 1
 8-bit adder                                           : 1
# Registers                                            : 24
 4-bit register                                        : 1
 8-bit register                                        : 23
# Multiplexers                                         : 6
 8-bit 10-to-1 multiplexer                             : 2
 8-bit 2-to-1 multiplexer                              : 4
# Tristates                                            : 16
 1-bit tristate buffer                                 : 16

=========================================================================

=========================================================================
*                       Advanced HDL Synthesis                          *
=========================================================================


Synthesizing (advanced) Unit <Counter>.
The following registers are absorbed into counter <Counter>: 1 register on signal <Counter>.
Unit <Counter> synthesized (advanced).

Synthesizing (advanced) Unit <Layer_Neuron>.
The following registers are absorbed into accumulator <ACC/ACC_Reg>: 1 register on signal <ACC/ACC_Reg>.
Unit <Layer_Neuron> synthesized (advanced).

=========================================================================
Advanced HDL Synthesis Report

Macro Statistics
# Multipliers                                          : 1
 8x8-bit multiplier                                    : 1
# Counters                                             : 1
 4-bit up counter                                      : 1
# Accumulators                                         : 1
 8-bit up loadable accumulator                         : 1
# Registers                                            : 176
 Flip-Flops                                            : 176
# Multiplexers                                         : 5
 8-bit 10-to-1 multiplexer                             : 2
 8-bit 2-to-1 multiplexer                              : 3

=========================================================================

=========================================================================
*                         Low Level Synthesis                           *
=========================================================================
WARNING:Xst:2042 - Unit Register_File: 8 internal tristates are replaced by logic (pull-up yes): OUTPUT<0>, OUTPUT<1>, OUTPUT<2>, OUTPUT<3>, OUTPUT<4>, OUTPUT<5>, OUTPUT<6>, OUTPUT<7>.

Optimizing unit <Layer_Neuron> ...

Optimizing unit <Register_File> ...

Optimizing unit <Register_src> ...
WARNING:Xst:2677 - Node <RegFile_1/MyFile_9_7> of sequential type is unconnected in block <Layer_Neuron>.
WARNING:Xst:2677 - Node <RegFile_1/MyFile_9_6> of sequential type is unconnected in block <Layer_Neuron>.
WARNING:Xst:2677 - Node <RegFile_1/MyFile_9_5> of sequential type is unconnected in block <Layer_Neuron>.
WARNING:Xst:2677 - Node <RegFile_1/MyFile_9_4> of sequential type is unconnected in block <Layer_Neuron>.
WARNING:Xst:2677 - Node <RegFile_1/MyFile_9_3> of sequential type is unconnected in block <Layer_Neuron>.
WARNING:Xst:2677 - Node <RegFile_1/MyFile_9_2> of sequential type is unconnected in block <Layer_Neuron>.
WARNING:Xst:2677 - Node <RegFile_1/MyFile_9_1> of sequential type is unconnected in block <Layer_Neuron>.
WARNING:Xst:2677 - Node <RegFile_1/MyFile_9_0> of sequential type is unconnected in block <Layer_Neuron>.
WARNING:Xst:2677 - Node <RegFile_1/MyFile_8_7> of sequential type is unconnected in block <Layer_Neuron>.
WARNING:Xst:2677 - Node <RegFile_1/MyFile_8_6> of sequential type is unconnected in block <Layer_Neuron>.
WARNING:Xst:2677 - Node <RegFile_1/MyFile_8_5> of sequential type is unconnected in block <Layer_Neuron>.
WARNING:Xst:2677 - Node <RegFile_1/MyFile_8_4> of sequential type is unconnected in block <Layer_Neuron>.
WARNING:Xst:2677 - Node <RegFile_1/MyFile_8_3> of sequential type is unconnected in block <Layer_Neuron>.
WARNING:Xst:2677 - Node <RegFile_1/MyFile_8_2> of sequential type is unconnected in block <Layer_Neuron>.
WARNING:Xst:2677 - Node <RegFile_1/MyFile_8_1> of sequential type is unconnected in block <Layer_Neuron>.
WARNING:Xst:2677 - Node <RegFile_1/MyFile_8_0> of sequential type is unconnected in block <Layer_Neuron>.
WARNING:Xst:2677 - Node <RegFile_0/MyFile_9_7> of sequential type is unconnected in block <Layer_Neuron>.
WARNING:Xst:2677 - Node <RegFile_0/MyFile_9_6> of sequential type is unconnected in block <Layer_Neuron>.
WARNING:Xst:2677 - Node <RegFile_0/MyFile_9_5> of sequential type is unconnected in block <Layer_Neuron>.
WARNING:Xst:2677 - Node <RegFile_0/MyFile_9_4> of sequential type is unconnected in block <Layer_Neuron>.
WARNING:Xst:2677 - Node <RegFile_0/MyFile_9_3> of sequential type is unconnected in block <Layer_Neuron>.
WARNING:Xst:2677 - Node <RegFile_0/MyFile_9_2> of sequential type is unconnected in block <Layer_Neuron>.
WARNING:Xst:2677 - Node <RegFile_0/MyFile_9_1> of sequential type is unconnected in block <Layer_Neuron>.
WARNING:Xst:2677 - Node <RegFile_0/MyFile_9_0> of sequential type is unconnected in block <Layer_Neuron>.
WARNING:Xst:2677 - Node <RegFile_0/MyFile_8_7> of sequential type is unconnected in block <Layer_Neuron>.
WARNING:Xst:2677 - Node <RegFile_0/MyFile_8_6> of sequential type is unconnected in block <Layer_Neuron>.
WARNING:Xst:2677 - Node <RegFile_0/MyFile_8_5> of sequential type is unconnected in block <Layer_Neuron>.
WARNING:Xst:2677 - Node <RegFile_0/MyFile_8_4> of sequential type is unconnected in block <Layer_Neuron>.
WARNING:Xst:2677 - Node <RegFile_0/MyFile_8_3> of sequential type is unconnected in block <Layer_Neuron>.
WARNING:Xst:2677 - Node <RegFile_0/MyFile_8_2> of sequential type is unconnected in block <Layer_Neuron>.
WARNING:Xst:2677 - Node <RegFile_0/MyFile_8_1> of sequential type is unconnected in block <Layer_Neuron>.
WARNING:Xst:2677 - Node <RegFile_0/MyFile_8_0> of sequential type is unconnected in block <Layer_Neuron>.

Mapping all equations...
Building and optimizing final netlist ...
WARNING:Xst:1898 - Due to constant pushing, FF/Latch <RegFile_0/MyFile_6_1> is unconnected in block <Layer_Neuron>.
WARNING:Xst:1898 - Due to constant pushing, FF/Latch <RegFile_0/MyFile_7_1> is unconnected in block <Layer_Neuron>.
WARNING:Xst:1898 - Due to constant pushing, FF/Latch <RegFile_0/MyFile_5_1> is unconnected in block <Layer_Neuron>.
WARNING:Xst:1898 - Due to constant pushing, FF/Latch <RegFile_0/MyFile_4_1> is unconnected in block <Layer_Neuron>.
WARNING:Xst:1898 - Due to constant pushing, FF/Latch <RegFile_0/MyFile_6_2> is unconnected in block <Layer_Neuron>.
WARNING:Xst:1898 - Due to constant pushing, FF/Latch <RegFile_0/MyFile_7_2> is unconnected in block <Layer_Neuron>.
WARNING:Xst:1898 - Due to constant pushing, FF/Latch <RegFile_0/MyFile_5_2> is unconnected in block <Layer_Neuron>.
WARNING:Xst:1898 - Due to constant pushing, FF/Latch <RegFile_0/MyFile_4_2> is unconnected in block <Layer_Neuron>.
WARNING:Xst:1898 - Due to constant pushing, FF/Latch <RegFile_0/MyFile_6_3> is unconnected in block <Layer_Neuron>.
WARNING:Xst:1898 - Due to constant pushing, FF/Latch <RegFile_0/MyFile_7_3> is unconnected in block <Layer_Neuron>.
WARNING:Xst:1898 - Due to constant pushing, FF/Latch <RegFile_0/MyFile_5_3> is unconnected in block <Layer_Neuron>.
WARNING:Xst:1898 - Due to constant pushing, FF/Latch <RegFile_0/MyFile_4_3> is unconnected in block <Layer_Neuron>.
WARNING:Xst:1898 - Due to constant pushing, FF/Latch <RegFile_0/MyFile_6_4> is unconnected in block <Layer_Neuron>.
WARNING:Xst:1898 - Due to constant pushing, FF/Latch <RegFile_0/MyFile_7_4> is unconnected in block <Layer_Neuron>.
WARNING:Xst:1898 - Due to constant pushing, FF/Latch <RegFile_0/MyFile_5_4> is unconnected in block <Layer_Neuron>.
WARNING:Xst:1898 - Due to constant pushing, FF/Latch <RegFile_0/MyFile_4_4> is unconnected in block <Layer_Neuron>.
WARNING:Xst:1898 - Due to constant pushing, FF/Latch <RegFile_0/MyFile_6_5> is unconnected in block <Layer_Neuron>.
WARNING:Xst:1898 - Due to constant pushing, FF/Latch <RegFile_0/MyFile_7_5> is unconnected in block <Layer_Neuron>.
WARNING:Xst:1898 - Due to constant pushing, FF/Latch <RegFile_0/MyFile_5_5> is unconnected in block <Layer_Neuron>.
WARNING:Xst:1898 - Due to constant pushing, FF/Latch <RegFile_0/MyFile_4_5> is unconnected in block <Layer_Neuron>.
WARNING:Xst:1898 - Due to constant pushing, FF/Latch <RegFile_0/MyFile_6_6> is unconnected in block <Layer_Neuron>.
WARNING:Xst:1898 - Due to constant pushing, FF/Latch <RegFile_0/MyFile_7_6> is unconnected in block <Layer_Neuron>.
WARNING:Xst:1898 - Due to constant pushing, FF/Latch <RegFile_0/MyFile_5_6> is unconnected in block <Layer_Neuron>.
WARNING:Xst:1898 - Due to constant pushing, FF/Latch <RegFile_0/MyFile_4_6> is unconnected in block <Layer_Neuron>.
WARNING:Xst:1898 - Due to constant pushing, FF/Latch <RegFile_0/MyFile_6_7> is unconnected in block <Layer_Neuron>.
WARNING:Xst:1898 - Due to constant pushing, FF/Latch <RegFile_0/MyFile_7_7> is unconnected in block <Layer_Neuron>.
WARNING:Xst:1898 - Due to constant pushing, FF/Latch <RegFile_0/MyFile_5_7> is unconnected in block <Layer_Neuron>.
WARNING:Xst:1898 - Due to constant pushing, FF/Latch <RegFile_0/MyFile_4_7> is unconnected in block <Layer_Neuron>.
WARNING:Xst:1898 - Due to constant pushing, FF/Latch <RegFile_0/MyFile_2_1> is unconnected in block <Layer_Neuron>.
WARNING:Xst:1898 - Due to constant pushing, FF/Latch <RegFile_0/MyFile_3_1> is unconnected in block <Layer_Neuron>.
WARNING:Xst:1898 - Due to constant pushing, FF/Latch <RegFile_0/MyFile_1_1> is unconnected in block <Layer_Neuron>.
WARNING:Xst:1898 - Due to constant pushing, FF/Latch <RegFile_0/MyFile_2_2> is unconnected in block <Layer_Neuron>.
WARNING:Xst:1898 - Due to constant pushing, FF/Latch <RegFile_0/MyFile_3_2> is unconnected in block <Layer_Neuron>.
WARNING:Xst:1898 - Due to constant pushing, FF/Latch <RegFile_0/MyFile_1_2> is unconnected in block <Layer_Neuron>.
WARNING:Xst:1898 - Due to constant pushing, FF/Latch <RegFile_0/MyFile_2_3> is unconnected in block <Layer_Neuron>.
WARNING:Xst:1898 - Due to constant pushing, FF/Latch <RegFile_0/MyFile_3_3> is unconnected in block <Layer_Neuron>.
WARNING:Xst:1898 - Due to constant pushing, FF/Latch <RegFile_0/MyFile_1_3> is unconnected in block <Layer_Neuron>.
WARNING:Xst:1898 - Due to constant pushing, FF/Latch <RegFile_0/MyFile_2_4> is unconnected in block <Layer_Neuron>.
WARNING:Xst:1898 - Due to constant pushing, FF/Latch <RegFile_0/MyFile_3_4> is unconnected in block <Layer_Neuron>.
WARNING:Xst:1898 - Due to constant pushing, FF/Latch <RegFile_0/MyFile_1_4> is unconnected in block <Layer_Neuron>.
WARNING:Xst:1898 - Due to constant pushing, FF/Latch <RegFile_0/MyFile_2_5> is unconnected in block <Layer_Neuron>.
WARNING:Xst:1898 - Due to constant pushing, FF/Latch <RegFile_0/MyFile_3_5> is unconnected in block <Layer_Neuron>.
WARNING:Xst:1898 - Due to constant pushing, FF/Latch <RegFile_0/MyFile_1_5> is unconnected in block <Layer_Neuron>.
WARNING:Xst:1898 - Due to constant pushing, FF/Latch <RegFile_0/MyFile_2_6> is unconnected in block <Layer_Neuron>.
WARNING:Xst:1898 - Due to constant pushing, FF/Latch <RegFile_0/MyFile_3_6> is unconnected in block <Layer_Neuron>.
WARNING:Xst:1898 - Due to constant pushing, FF/Latch <RegFile_0/MyFile_1_6> is unconnected in block <Layer_Neuron>.
WARNING:Xst:1898 - Due to constant pushing, FF/Latch <RegFile_0/MyFile_2_7> is unconnected in block <Layer_Neuron>.
WARNING:Xst:1898 - Due to constant pushing, FF/Latch <RegFile_0/MyFile_3_7> is unconnected in block <Layer_Neuron>.
WARNING:Xst:1898 - Due to constant pushing, FF/Latch <RegFile_0/MyFile_1_7> is unconnected in block <Layer_Neuron>.
WARNING:Xst:1898 - Due to constant pushing, FF/Latch <RegFile_0/MyFile_6_0> is unconnected in block <Layer_Neuron>.
WARNING:Xst:1898 - Due to constant pushing, FF/Latch <RegFile_0/MyFile_7_0> is unconnected in block <Layer_Neuron>.
WARNING:Xst:1898 - Due to constant pushing, FF/Latch <RegFile_0/MyFile_5_0> is unconnected in block <Layer_Neuron>.
WARNING:Xst:1898 - Due to constant pushing, FF/Latch <RegFile_0/MyFile_4_0> is unconnected in block <Layer_Neuron>.
WARNING:Xst:1898 - Due to constant pushing, FF/Latch <RegFile_0/MyFile_2_0> is unconnected in block <Layer_Neuron>.
WARNING:Xst:1898 - Due to constant pushing, FF/Latch <RegFile_0/MyFile_3_0> is unconnected in block <Layer_Neuron>.
WARNING:Xst:1898 - Due to constant pushing, FF/Latch <RegFile_0/MyFile_1_0> is unconnected in block <Layer_Neuron>.
WARNING:Xst:1898 - Due to constant pushing, FF/Latch <RegFile_1/MyFile_6_1> is unconnected in block <Layer_Neuron>.
WARNING:Xst:1898 - Due to constant pushing, FF/Latch <RegFile_1/MyFile_7_1> is unconnected in block <Layer_Neuron>.
WARNING:Xst:1898 - Due to constant pushing, FF/Latch <RegFile_1/MyFile_5_1> is unconnected in block <Layer_Neuron>.
WARNING:Xst:1898 - Due to constant pushing, FF/Latch <RegFile_1/MyFile_4_1> is unconnected in block <Layer_Neuron>.
WARNING:Xst:1898 - Due to constant pushing, FF/Latch <RegFile_1/MyFile_6_2> is unconnected in block <Layer_Neuron>.
WARNING:Xst:1898 - Due to constant pushing, FF/Latch <RegFile_1/MyFile_7_2> is unconnected in block <Layer_Neuron>.
WARNING:Xst:1898 - Due to constant pushing, FF/Latch <RegFile_1/MyFile_5_2> is unconnected in block <Layer_Neuron>.
WARNING:Xst:1898 - Due to constant pushing, FF/Latch <RegFile_1/MyFile_4_2> is unconnected in block <Layer_Neuron>.
WARNING:Xst:1898 - Due to constant pushing, FF/Latch <RegFile_1/MyFile_6_3> is unconnected in block <Layer_Neuron>.
WARNING:Xst:1898 - Due to constant pushing, FF/Latch <RegFile_1/MyFile_7_3> is unconnected in block <Layer_Neuron>.
WARNING:Xst:1898 - Due to constant pushing, FF/Latch <RegFile_1/MyFile_5_3> is unconnected in block <Layer_Neuron>.
WARNING:Xst:1898 - Due to constant pushing, FF/Latch <RegFile_1/MyFile_4_3> is unconnected in block <Layer_Neuron>.
WARNING:Xst:1898 - Due to constant pushing, FF/Latch <RegFile_1/MyFile_6_4> is unconnected in block <Layer_Neuron>.
WARNING:Xst:1898 - Due to constant pushing, FF/Latch <RegFile_1/MyFile_7_4> is unconnected in block <Layer_Neuron>.
WARNING:Xst:1898 - Due to constant pushing, FF/Latch <RegFile_1/MyFile_5_4> is unconnected in block <Layer_Neuron>.
WARNING:Xst:1898 - Due to constant pushing, FF/Latch <RegFile_1/MyFile_4_4> is unconnected in block <Layer_Neuron>.
WARNING:Xst:1898 - Due to constant pushing, FF/Latch <RegFile_1/MyFile_6_5> is unconnected in block <Layer_Neuron>.
WARNING:Xst:1898 - Due to constant pushing, FF/Latch <RegFile_1/MyFile_7_5> is unconnected in block <Layer_Neuron>.
WARNING:Xst:1898 - Due to constant pushing, FF/Latch <RegFile_1/MyFile_5_5> is unconnected in block <Layer_Neuron>.
WARNING:Xst:1898 - Due to constant pushing, FF/Latch <RegFile_1/MyFile_4_5> is unconnected in block <Layer_Neuron>.
WARNING:Xst:1898 - Due to constant pushing, FF/Latch <RegFile_1/MyFile_6_6> is unconnected in block <Layer_Neuron>.
WARNING:Xst:1898 - Due to constant pushing, FF/Latch <RegFile_1/MyFile_7_6> is unconnected in block <Layer_Neuron>.
WARNING:Xst:1898 - Due to constant pushing, FF/Latch <RegFile_1/MyFile_5_6> is unconnected in block <Layer_Neuron>.
WARNING:Xst:1898 - Due to constant pushing, FF/Latch <RegFile_1/MyFile_4_6> is unconnected in block <Layer_Neuron>.
WARNING:Xst:1898 - Due to constant pushing, FF/Latch <RegFile_1/MyFile_6_7> is unconnected in block <Layer_Neuron>.
WARNING:Xst:1898 - Due to constant pushing, FF/Latch <RegFile_1/MyFile_7_7> is unconnected in block <Layer_Neuron>.
WARNING:Xst:1898 - Due to constant pushing, FF/Latch <RegFile_1/MyFile_5_7> is unconnected in block <Layer_Neuron>.
WARNING:Xst:1898 - Due to constant pushing, FF/Latch <RegFile_1/MyFile_4_7> is unconnected in block <Layer_Neuron>.
WARNING:Xst:1898 - Due to constant pushing, FF/Latch <RegFile_1/MyFile_2_1> is unconnected in block <Layer_Neuron>.
WARNING:Xst:1898 - Due to constant pushing, FF/Latch <RegFile_1/MyFile_3_1> is unconnected in block <Layer_Neuron>.
WARNING:Xst:1898 - Due to constant pushing, FF/Latch <RegFile_1/MyFile_1_1> is unconnected in block <Layer_Neuron>.
WARNING:Xst:1898 - Due to constant pushing, FF/Latch <RegFile_1/MyFile_2_2> is unconnected in block <Layer_Neuron>.
WARNING:Xst:1898 - Due to constant pushing, FF/Latch <RegFile_1/MyFile_3_2> is unconnected in block <Layer_Neuron>.
WARNING:Xst:1898 - Due to constant pushing, FF/Latch <RegFile_1/MyFile_1_2> is unconnected in block <Layer_Neuron>.
WARNING:Xst:1898 - Due to constant pushing, FF/Latch <RegFile_1/MyFile_2_3> is unconnected in block <Layer_Neuron>.
WARNING:Xst:1898 - Due to constant pushing, FF/Latch <RegFile_1/MyFile_3_3> is unconnected in block <Layer_Neuron>.
WARNING:Xst:1898 - Due to constant pushing, FF/Latch <RegFile_1/MyFile_1_3> is unconnected in block <Layer_Neuron>.
WARNING:Xst:1898 - Due to constant pushing, FF/Latch <RegFile_1/MyFile_2_4> is unconnected in block <Layer_Neuron>.
WARNING:Xst:1898 - Due to constant pushing, FF/Latch <RegFile_1/MyFile_3_4> is unconnected in block <Layer_Neuron>.
WARNING:Xst:1898 - Due to constant pushing, FF/Latch <RegFile_1/MyFile_1_4> is unconnected in block <Layer_Neuron>.
WARNING:Xst:1898 - Due to constant pushing, FF/Latch <RegFile_1/MyFile_2_5> is unconnected in block <Layer_Neuron>.
WARNING:Xst:1898 - Due to constant pushing, FF/Latch <RegFile_1/MyFile_3_5> is unconnected in block <Layer_Neuron>.
WARNING:Xst:1898 - Due to constant pushing, FF/Latch <RegFile_1/MyFile_1_5> is unconnected in block <Layer_Neuron>.
WARNING:Xst:1898 - Due to constant pushing, FF/Latch <RegFile_1/MyFile_2_6> is unconnected in block <Layer_Neuron>.
WARNING:Xst:1898 - Due to constant pushing, FF/Latch <RegFile_1/MyFile_3_6> is unconnected in block <Layer_Neuron>.
WARNING:Xst:1898 - Due to constant pushing, FF/Latch <RegFile_1/MyFile_1_6> is unconnected in block <Layer_Neuron>.
WARNING:Xst:1898 - Due to constant pushing, FF/Latch <RegFile_1/MyFile_2_7> is unconnected in block <Layer_Neuron>.
WARNING:Xst:1898 - Due to constant pushing, FF/Latch <RegFile_1/MyFile_3_7> is unconnected in block <Layer_Neuron>.
WARNING:Xst:1898 - Due to constant pushing, FF/Latch <RegFile_1/MyFile_1_7> is unconnected in block <Layer_Neuron>.
WARNING:Xst:1898 - Due to constant pushing, FF/Latch <RegFile_1/MyFile_6_0> is unconnected in block <Layer_Neuron>.
WARNING:Xst:1898 - Due to constant pushing, FF/Latch <RegFile_1/MyFile_7_0> is unconnected in block <Layer_Neuron>.
WARNING:Xst:1898 - Due to constant pushing, FF/Latch <RegFile_1/MyFile_5_0> is unconnected in block <Layer_Neuron>.
WARNING:Xst:1898 - Due to constant pushing, FF/Latch <RegFile_1/MyFile_4_0> is unconnected in block <Layer_Neuron>.
WARNING:Xst:1898 - Due to constant pushing, FF/Latch <RegFile_1/MyFile_2_0> is unconnected in block <Layer_Neuron>.
WARNING:Xst:1898 - Due to constant pushing, FF/Latch <RegFile_1/MyFile_3_0> is unconnected in block <Layer_Neuron>.
WARNING:Xst:1898 - Due to constant pushing, FF/Latch <RegFile_1/MyFile_1_0> is unconnected in block <Layer_Neuron>.
Found area constraint ratio of 100 (+ 5) on block Layer_Neuron, actual ratio is 1.

Final Macro Processing ...

=========================================================================
Final Register Report

Macro Statistics
# Registers                                            : 44
 Flip-Flops                                            : 44

=========================================================================

=========================================================================
*                           Partition Report                            *
=========================================================================

Partition Implementation Status
-------------------------------

  No Partitions were found in this design.

-------------------------------

=========================================================================
*                            Design Summary                             *
=========================================================================

Top Level Output File Name         : Layer_Neuron.ngc

Primitive and Black Box Usage:
------------------------------
# BELS                             : 65
#      GND                         : 1
#      INV                         : 1
#      LUT2                        : 20
#      LUT3                        : 17
#      LUT4                        : 10
#      MUXCY                       : 7
#      VCC                         : 1
#      XORCY                       : 8
# FlipFlops/Latches                : 44
#      FDCE                        : 40
#      FDRE                        : 4
# Clock Buffers                    : 1
#      BUFGP                       : 1
# IO Buffers                       : 52
#      IBUF                        : 35
#      OBUF                        : 17
# DSPs                             : 1
#      DSP48A1                     : 1

Device utilization summary:
---------------------------

Selected Device : 6slx9tqg144-2 


Slice Logic Utilization: 
 Number of Slice Registers:              44  out of  11440     0%  
 Number of Slice LUTs:                   48  out of   5720     0%  
    Number used as Logic:                48  out of   5720     0%  

Slice Logic Distribution: 
 Number of LUT Flip Flop pairs used:     64
   Number with an unused Flip Flop:      20  out of     64    31%  
   Number with an unused LUT:            16  out of     64    25%  
   Number of fully used LUT-FF pairs:    28  out of     64    43%  
   Number of unique control sets:         5

IO Utilization: 
 Number of IOs:                         197
 Number of bonded IOBs:                  53  out of    102    51%  

Specific Feature Utilization:
 Number of BUFG/BUFGCTRLs:                1  out of     16     6%  
 Number of DSP48A1s:                      1  out of     16     6%  

---------------------------
Partition Resource Summary:
---------------------------

  No Partitions were found in this design.

---------------------------


=========================================================================
Timing Report

NOTE: THESE TIMING NUMBERS ARE ONLY A SYNTHESIS ESTIMATE.
      FOR ACCURATE TIMING INFORMATION PLEASE REFER TO THE TRACE REPORT
      GENERATED AFTER PLACE-and-ROUTE.

Clock Information:
------------------
-----------------------------------+------------------------+-------+
Clock Signal                       | Clock buffer(FF name)  | Load  |
-----------------------------------+------------------------+-------+
Clock                              | BUFGP                  | 44    |
-----------------------------------+------------------------+-------+

Asynchronous Control Signals Information:
----------------------------------------
No asynchronous control signals found in this design

Timing Summary:
---------------
Speed Grade: -2

   Minimum period: 7.028ns (Maximum Frequency: 142.298MHz)
   Minimum input arrival time before clock: 4.635ns
   Maximum output required time after clock: 5.452ns
   Maximum combinational path delay: No path found

Timing Details:
---------------
All values displayed in nanoseconds (ns)

=========================================================================
Timing constraint: Default period analysis for Clock 'Clock'
  Clock period: 7.028ns (frequency: 142.298MHz)
  Total number of paths / destination ports: 1386 / 28
-------------------------------------------------------------------------
Delay:               7.028ns (Levels of Logic = 10)
  Source:            Reg1/OUTPUT_Inst_7 (FF)
  Destination:       ACC/ACC_Reg_7 (FF)
  Source Clock:      Clock rising
  Destination Clock: Clock rising

  Data Path: Reg1/OUTPUT_Inst_7 to ACC/ACC_Reg_7
                                Gate     Net
    Cell:in->out      fanout   Delay   Delay  Logical Name (Net Name)
    ----------------------------------------  ------------
     FDCE:C->Q            11   0.525   1.038  Reg1/OUTPUT_Inst_7 (Reg1/OUTPUT_Inst_7)
     DSP48A1:B7->M0        1   3.894   0.682  Multiplier/Mmult_MUL_Res (MUL_OUT<0>)
     LUT4:I3->O            1   0.254   0.000  ACC/Maccum_ACC_Reg_lut<0> (ACC/Maccum_ACC_Reg_lut<0>)
     MUXCY:S->O            1   0.215   0.000  ACC/Maccum_ACC_Reg_cy<0> (ACC/Maccum_ACC_Reg_cy<0>)
     MUXCY:CI->O           1   0.023   0.000  ACC/Maccum_ACC_Reg_cy<1> (ACC/Maccum_ACC_Reg_cy<1>)
     MUXCY:CI->O           1   0.023   0.000  ACC/Maccum_ACC_Reg_cy<2> (ACC/Maccum_ACC_Reg_cy<2>)
     MUXCY:CI->O           1   0.023   0.000  ACC/Maccum_ACC_Reg_cy<3> (ACC/Maccum_ACC_Reg_cy<3>)
     MUXCY:CI->O           1   0.023   0.000  ACC/Maccum_ACC_Reg_cy<4> (ACC/Maccum_ACC_Reg_cy<4>)
     MUXCY:CI->O           1   0.023   0.000  ACC/Maccum_ACC_Reg_cy<5> (ACC/Maccum_ACC_Reg_cy<5>)
     MUXCY:CI->O           0   0.023   0.000  ACC/Maccum_ACC_Reg_cy<6> (ACC/Maccum_ACC_Reg_cy<6>)
     XORCY:CI->O           1   0.206   0.000  ACC/Maccum_ACC_Reg_xor<7> (Result<7>)
     FDCE:D                    0.074          ACC/ACC_Reg_7
    ----------------------------------------
    Total                      7.028ns (5.308ns logic, 1.720ns route)
                                       (75.5% logic, 24.5% route)

=========================================================================
Timing constraint: Default OFFSET IN BEFORE for Clock 'Clock'
  Total number of paths / destination ports: 268 / 128
-------------------------------------------------------------------------
Offset:              4.635ns (Levels of Logic = 2)
  Source:            Reset (PAD)
  Destination:       AddrCounter/Counter_Reg/Counter_0 (FF)
  Destination Clock: Clock rising

  Data Path: Reset to AddrCounter/Counter_Reg/Counter_0
                                Gate     Net
    Cell:in->out      fanout   Delay   Delay  Logical Name (Net Name)
    ----------------------------------------  ------------
     IBUF:I->O            42   1.328   1.795  Reset_IBUF (Reset_IBUF)
     LUT2:I0->O            4   0.250   0.803  AddrCounter/Counter_Reg/_n00151 (AddrCounter/Counter_Reg/_n0015)
     FDRE:R                    0.459          AddrCounter/Counter_Reg/Counter_0
    ----------------------------------------
    Total                      4.635ns (2.037ns logic, 2.598ns route)
                                       (43.9% logic, 56.1% route)

=========================================================================
Timing constraint: Default OFFSET OUT AFTER for Clock 'Clock'
  Total number of paths / destination ports: 26 / 16
-------------------------------------------------------------------------
Offset:              5.452ns (Levels of Logic = 2)
  Source:            ACC/ACC_Reg_7 (FF)
  Destination:       OUTPUT_I<6> (PAD)
  Source Clock:      Clock rising

  Data Path: ACC/ACC_Reg_7 to OUTPUT_I<6>
                                Gate     Net
    Cell:in->out      fanout   Delay   Delay  Logical Name (Net Name)
    ----------------------------------------  ------------
     FDCE:C->Q             9   0.525   1.084  ACC/ACC_Reg_7 (ACC/ACC_Reg_7)
     LUT2:I0->O            1   0.250   0.681  Multiplexer/Mmux_OUTPUT71 (OUTPUT_I_6_OBUF)
     OBUF:I->O                 2.912          OUTPUT_I_6_OBUF (OUTPUT_I<6>)
    ----------------------------------------
    Total                      5.452ns (3.687ns logic, 1.765ns route)
                                       (67.6% logic, 32.4% route)

=========================================================================

Cross Clock Domains Report:
--------------------------

Clock to Setup on destination clock Clock
---------------+---------+---------+---------+---------+
               | Src:Rise| Src:Fall| Src:Rise| Src:Fall|
Source Clock   |Dest:Rise|Dest:Rise|Dest:Fall|Dest:Fall|
---------------+---------+---------+---------+---------+
Clock          |    7.028|         |         |         |
---------------+---------+---------+---------+---------+

=========================================================================


Total REAL time to Xst completion: 5.00 secs
Total CPU time to Xst completion: 4.74 secs
 
--> 

Total memory usage is 4503632 kilobytes

Number of errors   :    0 (   0 filtered)
Number of warnings :  147 (   0 filtered)
Number of infos    :    0 (   0 filtered)

